[22:50:21] [Server thread/INFO]: Starting minecraft server version 1.8.7
[22:50:21] [Server thread/INFO]: Loading properties
[22:50:21] [Server thread/INFO]: Default game type: SURVIVAL
[22:50:21] [Server thread/INFO]: Generating keypair
[22:50:21] [Server thread/INFO]: Starting Minecraft server on *:25565
[22:50:21] [Server thread/INFO]: Using epoll channel type
[22:50:21] [Server thread/WARN]: **** SERVER IS RUNNING IN OFFLINE/INSECURE MODE!
[22:50:21] [Server thread/WARN]: The server will make no attempt to authenticate usernames. Beware.
[22:50:21] [Server thread/WARN]: While this makes the game possible to play without internet access, it also opens up the ability for hackers to connect with any username they choose.
[22:50:21] [Server thread/WARN]: To change this, set "online-mode" to "true" in the server.properties file.
[22:50:21] [Server thread/INFO]: Preparing level "world"
[22:50:21] [Server thread/INFO]: Preparing start region for level 0
[22:50:22] [Server thread/INFO]: Done (0,869s)! For help, type "help" or "?"
[22:50:30] [Server thread/INFO]: alaxa27[/127.0.0.1:60277] logged in with entity id 57 at (977.3000000119209, 68.20000004768372, 1243.2464965680376)
[22:50:30] [Server thread/INFO]: alaxa27 joined the game
[22:50:41] [Server thread/INFO]: Inarius[/92.140.63.51:62980] logged in with entity id 566 at (1018.909905776753, 62.22148661834451, 1236.8345464869542)
[22:50:41] [Server thread/INFO]: Inarius joined the game
[22:50:45] [Server thread/INFO]: [alaxa27: Teleported alaxa27 to Inarius]
[22:51:03] [Server thread/INFO]: [Inarius: Teleported Inarius to alaxa27]
[22:52:22] [Server thread/INFO]: <alaxa27> tu me vois
[22:52:38] [Server thread/INFO]: <Inarius> azer
[22:52:41] [Server thread/INFO]: <alaxa27> ??
[22:52:44] [Server thread/INFO]: <Inarius> test
[22:52:46] [Server thread/INFO]: <Inarius> bon
[22:52:49] [Server thread/INFO]: <alaxa27> oui
[22:52:51] [Server thread/INFO]: <alaxa27> vu$
[22:53:06] [Server thread/INFO]: <Inarius> les messages s'affichent 3sec apres je les ai tapés
[22:53:11] [Server thread/INFO]: <Inarius> c'est chiant
[22:53:22] [Server thread/INFO]: <alaxa27> mdrrr
[22:53:25] [Server thread/INFO]: <alaxa27> LAGGGG
[22:53:31] [Server thread/INFO]: <Inarius> faudra que je reessaie chez moi
[22:53:34] [Server thread/INFO]: <alaxa27> cest ca le manque de fibre
[22:53:40] [Server thread/INFO]: <Inarius> sans doute
[22:55:53] [Server thread/INFO]: <alaxa27> que fais tu
[22:55:58] [Server thread/INFO]: <Inarius> JE CHERCHE
[22:56:04] [Server thread/INFO]: <Inarius> du putain de diamant
[22:56:09] [Server thread/INFO]: <Inarius> m'enfin bon
[22:56:20] [Server thread/INFO]: <alaxa27> fin
[22:56:36] [Server thread/INFO]: [alaxa27: Teleported alaxa27 to Inarius]
[22:56:55] [Server thread/INFO]: [alaxa27: Teleported alaxa27 to Inarius]
[22:57:12] [Server thread/INFO]: <Inarius> ça lag un peu trop pour mo là
[22:57:17] [Server thread/INFO]: <Inarius> pas assez stable
[22:57:22] [Server thread/INFO]: [Inarius: Set the time to 1000]
[22:58:30] [Server thread/INFO]: <alaxa27> une mine
[22:58:52] [Server thread/INFO]: <Inarius> oui
[23:00:24] [Server thread/INFO]: [Inarius: Teleported alaxa27 to Inarius]
[23:00:36] [Server thread/INFO]: alaxa27 lost connection: TextComponent{text='Disconnected', siblings=[], style=Style{hasParent=false, color=null, bold=null, italic=null, underlined=null, obfuscated=null, clickEvent=null, hoverEvent=null, insertion=null}}
[23:00:36] [Server thread/INFO]: alaxa27 left the game
[16:28:47] [Server thread/INFO]: Starting minecraft server version 1.8.7
[16:28:47] [Server thread/INFO]: Loading properties
[16:28:47] [Server console handler/ERROR]: Exception handling console input
java.io.IOException: Descripteur non valide
	at java.io.FileInputStream.readBytes(Native Method) ~[?:1.8.0_45]
	at java.io.FileInputStream.read(Unknown Source) ~[?:1.8.0_45]
	at java.io.BufferedInputStream.read1(Unknown Source) ~[?:1.8.0_45]
	at java.io.BufferedInputStream.read(Unknown Source) ~[?:1.8.0_45]
	at sun.nio.cs.StreamDecoder.readBytes(Unknown Source) ~[?:1.8.0_45]
	at sun.nio.cs.StreamDecoder.implRead(Unknown Source) ~[?:1.8.0_45]
	at sun.nio.cs.StreamDecoder.read(Unknown Source) ~[?:1.8.0_45]
	at java.io.InputStreamReader.read(Unknown Source) ~[?:1.8.0_45]
	at java.io.BufferedReader.fill(Unknown Source) ~[?:1.8.0_45]
	at java.io.BufferedReader.readLine(Unknown Source) ~[?:1.8.0_45]
	at java.io.BufferedReader.readLine(Unknown Source) ~[?:1.8.0_45]
	at ko$2.run(SourceFile:81) [minecraft_server.1.8.7.exe:?]
[16:28:48] [Server thread/INFO]: Default game type: SURVIVAL
[16:28:48] [Server thread/INFO]: Generating keypair
[16:28:49] [Server thread/INFO]: Starting Minecraft server on *:25565
[16:28:49] [Server thread/INFO]: Using default channel type
[16:28:50] [Server thread/WARN]: **** SERVER IS RUNNING IN OFFLINE/INSECURE MODE!
[16:28:50] [Server thread/WARN]: The server will make no attempt to authenticate usernames. Beware.
[16:28:50] [Server thread/WARN]: While this makes the game possible to play without internet access, it also opens up the ability for hackers to connect with any username they choose.
[16:28:50] [Server thread/WARN]: To change this, set "online-mode" to "true" in the server.properties file.
[16:28:50] [Server thread/INFO]: Preparing level "world"
[16:28:50] [Server thread/INFO]: Preparing start region for level 0
[16:28:51] [Server thread/INFO]: Preparing spawn area: 13%
[16:28:52] [Server thread/INFO]: Preparing spawn area: 36%
[16:28:53] [Server thread/INFO]: Preparing spawn area: 60%
5]
	at java.io.BufferedReader.readLine(Unknown Source) ~[?:1.8.0_45]
	at java.io.BufferedReader.readLine(Unknown Source) ~[?:1.8.0_45]
	at ko$2.run(SourceFile:81) [minecraft_server.1.8.7.exe:?]
[16:28:49] [Server thread/INFO]: Loading properties
[16:28:49] [Server thread/INFO]: Default game type: SURVIVAL
[16:28:49] [Server thread/INFO]: Generating keypair
[16:28:52] [Server thread/INFO]: Starting Minecraft server on *:25565
[16:28:52] [Server thread/INFO]: Using default channel type
[16:28:53] [Server thread/WARN]: **** FAILED TO BIND TO PORT!
[16:28:53] [Server thread/WARN]: The exception was: java.net.BindException: Address already in use: bind
[16:28:53] [Server thread/WARN]: Perhaps a server is already running on that port?
[16:28:53] [Server thread/INFO]: Stopping server
[16:28:53] [Server Shutdown Thread/INFO]: Stopping server
