[19:48:13] [Server thread/INFO]: Starting minecraft server version 1.8.7
[19:48:13] [Server thread/INFO]: Loading properties
[19:48:13] [Server thread/INFO]: Default game type: SURVIVAL
[19:48:13] [Server thread/INFO]: Generating keypair
[19:48:13] [Server thread/INFO]: Starting Minecraft server on *:25565
[19:48:13] [Server thread/INFO]: Using epoll channel type
[19:48:13] [Server thread/WARN]: **** SERVER IS RUNNING IN OFFLINE/INSECURE MODE!
[19:48:13] [Server thread/WARN]: The server will make no attempt to authenticate usernames. Beware.
[19:48:13] [Server thread/WARN]: While this makes the game possible to play without internet access, it also opens up the ability for hackers to connect with any username they choose.
[19:48:13] [Server thread/WARN]: To change this, set "online-mode" to "true" in the server.properties file.
[19:48:13] [Server thread/INFO]: Preparing level "world"
[19:48:13] [Server thread/INFO]: Preparing start region for level 0
[19:48:14] [Server thread/INFO]: Done (0,951s)! For help, type "help" or "?"
[19:49:10] [Server thread/INFO]: alaxa27[/192.168.0.21:33312] logged in with entity id 50 at (980.0331456790261, 85.26112539393885, 1341.2236717488042)
[19:49:10] [Server thread/INFO]: alaxa27 joined the game
[19:49:15] [Server thread/INFO]: alaxa27 lost connection: TextComponent{text='Disconnected', siblings=[], style=Style{hasParent=false, color=null, bold=null, italic=null, underlined=null, obfuscated=null, clickEvent=null, hoverEvent=null, insertion=null}}
[19:49:15] [Server thread/INFO]: alaxa27 left the game
[19:49:43] [Server thread/INFO]: alaxa27[/85.69.56.110:44767] logged in with entity id 173 at (980.0331456790261, 85.26112539393885, 1341.2236717488042)
[19:49:43] [Server thread/INFO]: alaxa27 joined the game
[19:49:47] [Server thread/INFO]: alaxa27 lost connection: TextComponent{text='Disconnected', siblings=[], style=Style{hasParent=false, color=null, bold=null, italic=null, underlined=null, obfuscated=null, clickEvent=null, hoverEvent=null, insertion=null}}
[19:49:47] [Server thread/INFO]: alaxa27 left the game
[19:49:54] [Server thread/INFO]: alaxa27[/85.69.56.110:44768] logged in with entity id 296 at (980.0331456790261, 85.26112539393885, 1341.2236717488042)
[19:49:54] [Server thread/INFO]: alaxa27 joined the game
[19:50:00] [Server thread/INFO]: alaxa27 lost connection: TextComponent{text='Disconnected', siblings=[], style=Style{hasParent=false, color=null, bold=null, italic=null, underlined=null, obfuscated=null, clickEvent=null, hoverEvent=null, insertion=null}}
[19:50:00] [Server thread/INFO]: alaxa27 left the game
[19:50:07] [Server thread/INFO]: alaxa27[/85.69.56.110:44769] logged in with entity id 437 at (980.0331456790261, 85.26112539393885, 1341.2236717488042)
[19:50:07] [Server thread/INFO]: alaxa27 joined the game
[19:50:21] [Server thread/INFO]: alaxa27 lost connection: TextComponent{text='Disconnected', siblings=[], style=Style{hasParent=false, color=null, bold=null, italic=null, underlined=null, obfuscated=null, clickEvent=null, hoverEvent=null, insertion=null}}
[19:50:21] [Server thread/INFO]: alaxa27 left the game
[19:52:43] [Server thread/INFO]: bouyoub[/212.194.1.150:49996] logged in with entity id 599 at (986.5, 77.0999984741211, 1332.5)
[19:52:43] [Server thread/INFO]: bouyoub joined the game
[19:52:47] [Server thread/INFO]: alaxa27[/85.69.56.110:44772] logged in with entity id 722 at (980.0331456790261, 85.26112539393885, 1341.2236717488042)
[19:52:47] [Server thread/INFO]: alaxa27 joined the game
[19:53:13] [Server thread/INFO]: alaxa27 lost connection: TextComponent{text='Disconnected', siblings=[], style=Style{hasParent=false, color=null, bold=null, italic=null, underlined=null, obfuscated=null, clickEvent=null, hoverEvent=null, insertion=null}}
[19:53:13] [Server thread/INFO]: alaxa27 left the game
[19:53:21] [Server thread/INFO]: bouyoub lost connection: TranslatableComponent{key='disconnect.timeout', args=[], siblings=[], style=Style{hasParent=false, color=null, bold=null, italic=null, underlined=null, obfuscated=null, clickEvent=null, hoverEvent=null, insertion=null}}
[19:53:21] [Server thread/INFO]: bouyoub left the game
[19:53:41] [Server thread/INFO]: bouyoub[/212.194.1.150:49997] logged in with entity id 1185 at (986.5, 77.0, 1332.5)
[19:53:41] [Server thread/INFO]: bouyoub joined the game
[19:54:19] [Server thread/INFO]: bouyoub lost connection: TranslatableComponent{key='disconnect.timeout', args=[], siblings=[], style=Style{hasParent=false, color=null, bold=null, italic=null, underlined=null, obfuscated=null, clickEvent=null, hoverEvent=null, insertion=null}}
[19:54:19] [Server thread/INFO]: bouyoub left the game
[19:54:38] [Server thread/INFO]: bouyoub[/212.194.1.150:50016] logged in with entity id 1611 at (986.5, 77.0, 1332.5)
[19:54:38] [Server thread/INFO]: bouyoub joined the game
[19:55:16] [Server thread/INFO]: bouyoub lost connection: TranslatableComponent{key='disconnect.timeout', args=[], siblings=[], style=Style{hasParent=false, color=null, bold=null, italic=null, underlined=null, obfuscated=null, clickEvent=null, hoverEvent=null, insertion=null}}
[19:55:16] [Server thread/INFO]: bouyoub left the game
